<?xml version="1.0" encoding="UTF-8"?>
<!-- Generated by org.testng.reporters.JUnitXMLReporter -->
<testsuite ignored="0" hostname="DESKTOP-9HU6DH7" failures="0" tests="5" name="mistral-test-task" time="51.817" errors="0" timestamp="2022-09-23T16:24:14 CEST">
  <testcase classname="webTests.WebTest" name="registerUser" time="11.139"/>
  <testcase classname="webTests.WebTest" name="searchItemAndAddToCart" time="5.321"/>
  <testcase classname="webTests.WebTest" name="proceedToCheckout" time="10.841"/>
  <testcase classname="webTests.WebTest" name="fillBillingAddress" time="8.503"/>
  <testcase classname="webTests.WebTest" name="fillShipmentAndPaymentInformation" time="12.531"/>
</testsuite> <!-- mistral-test-task -->
