<?xml version="1.0" encoding="UTF-8"?>
<testng-results ignored="0" total="5" passed="5" failed="0" skipped="0">
  <reporter-output>
  </reporter-output>
  <suite started-at="2022-09-23T16:23:22 CEST" name="Default Suite" finished-at="2022-09-23T16:24:14 CEST" duration-ms="51817">
    <groups>
    </groups>
    <test started-at="2022-09-23T16:23:22 CEST" name="mistral-test-task" finished-at="2022-09-23T16:24:14 CEST" duration-ms="51817">
      <class name="webTests.WebTest">
        <test-method is-config="true" signature="setupDriver()[pri:0, instance:webTests.WebTest@363ee3a2]" started-at="2022-09-23T16:23:22 CEST" name="setupDriver" finished-at="2022-09-23T16:23:25 CEST" duration-ms="3248" status="PASS">
          <reporter-output>
          </reporter-output>
        </test-method> <!-- setupDriver -->
        <test-method is-config="true" signature="driverSetup()[pri:0, instance:webTests.WebTest@363ee3a2]" started-at="2022-09-23T16:23:25 CEST" name="driverSetup" finished-at="2022-09-23T16:23:25 CEST" duration-ms="2" status="PASS">
          <reporter-output>
          </reporter-output>
        </test-method> <!-- driverSetup -->
        <test-method signature="registerUser()[pri:0, instance:webTests.WebTest@363ee3a2]" started-at="2022-09-23T16:23:25 CEST" name="registerUser" finished-at="2022-09-23T16:23:36 CEST" duration-ms="11139" status="PASS">
          <reporter-output>
          </reporter-output>
        </test-method> <!-- registerUser -->
        <test-method signature="searchItemAndAddToCart()[pri:1, instance:webTests.WebTest@363ee3a2]" started-at="2022-09-23T16:23:36 CEST" name="searchItemAndAddToCart" finished-at="2022-09-23T16:23:42 CEST" duration-ms="5321" status="PASS">
          <reporter-output>
          </reporter-output>
        </test-method> <!-- searchItemAndAddToCart -->
        <test-method signature="proceedToCheckout()[pri:2, instance:webTests.WebTest@363ee3a2]" started-at="2022-09-23T16:23:42 CEST" name="proceedToCheckout" finished-at="2022-09-23T16:23:53 CEST" duration-ms="10841" status="PASS">
          <reporter-output>
          </reporter-output>
        </test-method> <!-- proceedToCheckout -->
        <test-method signature="fillBillingAddress()[pri:3, instance:webTests.WebTest@363ee3a2]" started-at="2022-09-23T16:23:53 CEST" name="fillBillingAddress" finished-at="2022-09-23T16:24:01 CEST" duration-ms="8503" status="PASS">
          <reporter-output>
          </reporter-output>
        </test-method> <!-- fillBillingAddress -->
        <test-method signature="fillShipmentAndPaymentInformation()[pri:4, instance:webTests.WebTest@363ee3a2]" started-at="2022-09-23T16:24:01 CEST" name="fillShipmentAndPaymentInformation" finished-at="2022-09-23T16:24:14 CEST" duration-ms="12531" status="PASS">
          <reporter-output>
          </reporter-output>
        </test-method> <!-- fillShipmentAndPaymentInformation -->
        <test-method is-config="true" signature="tearDownDriver()[pri:0, instance:webTests.WebTest@363ee3a2]" started-at="2022-09-23T16:24:14 CEST" name="tearDownDriver" finished-at="2022-09-23T16:24:14 CEST" duration-ms="183" status="PASS">
          <reporter-output>
          </reporter-output>
        </test-method> <!-- tearDownDriver -->
      </class> <!-- webTests.WebTest -->
    </test> <!-- mistral-test-task -->
  </suite> <!-- Default Suite -->
</testng-results>
